# JRE version: OpenJDK Runtime Environment (17.0.6) (build 17.0.6+0-b2043.56-10027231)
# Java VM: OpenJDK 64-Bit Server VM (17.0.6+0-b2043.56-10027231, mixed mode, tiered, compressed oops, compressed class ptrs, g1 gc, windows-amd64)
GC Precious Log:
 CPUs: 8 total, 8 available
 Memory: 16167M
 Large Page Support: Disabled
 NUMA Support: Disabled
 Compressed Oops: Enabled (32-bit)
 Heap Region Size: 1M
 Heap Min Capacity: 8M
 Heap Initial Capacity: 254M
 Heap Max Capacity: 2G
 Pre-touch: Disabled
 Parallel Workers: 8
 Concurrent Workers: 2
 Concurrent Refinement Workers: 8
 Periodic GC: Disabled
Heap:
 garbage-first heap   total 304128K, used 157432K [0x0000000080000000, 0x0000000100000000)
  region size 1024K, 56 young (57344K), 9 survivors (9216K)
 Metaspace       used 120976K, committed 121856K, reserved 1155072K
  class space    used 17024K, committed 17472K, reserved 1048576K
GC Heap History (20 events):
Event: 12.474 GC heap before
{Heap before GC invocations=49 (full 0):
 garbage-first heap   total 194560K, used 165944K [0x0000000080000000, 0x0000000100000000)
  region size 1024K, 84 young (86016K), 1 survivors (1024K)
 Metaspace       used 94448K, committed 95104K, reserved 1138688K
  class space    used 12752K, committed 13056K, reserved 1048576K
}
Event: 12.481 GC heap after
{Heap after GC invocations=50 (full 0):
 garbage-first heap   total 194560K, used 94681K [0x0000000080000000, 0x0000000100000000)
  region size 1024K, 11 young (11264K), 11 survivors (11264K)
 Metaspace       used 94448K, committed 95104K, reserved 1138688K
  class space    used 12752K, committed 13056K, reserved 1048576K
}
Event: 12.911 GC heap before
{Heap before GC invocations=50 (full 0):
 garbage-first heap   total 194560K, used 155097K [0x0000000080000000, 0x0000000100000000)
  region size 1024K, 71 young (72704K), 11 survivors (11264K)
 Metaspace       used 95561K, committed 96256K, reserved 1138688K
  class space    used 12856K, committed 13184K, reserved 1048576K
}
Event: 12.919 GC heap after
{Heap after GC invocations=51 (full 0):
 garbage-first heap   total 194560K, used 94425K [0x0000000080000000, 0x0000000100000000)
  region size 1024K, 5 young (5120K), 5 survivors (5120K)
 Metaspace       used 95561K, committed 96256K, reserved 1138688K
  class space    used 12856K, committed 13184K, reserved 1048576K
}
Event: 13.296 GC heap before
{Heap before GC invocations=51 (full 0):
 garbage-first heap   total 194560K, used 155865K [0x0000000080000000, 0x0000000100000000)
  region size 1024K, 66 young (67584K), 5 survivors (5120K)
 Metaspace       used 95565K, committed 96256K, reserved 1138688K
  class space    used 12856K, committed 13184K, reserved 1048576K
}
Event: 13.300 GC heap after
{Heap after GC invocations=52 (full 0):
 garbage-first heap   total 194560K, used 97177K [0x0000000080000000, 0x0000000100000000)
  region size 1024K, 7 young (7168K), 7 survivors (7168K)
 Metaspace       used 95565K, committed 96256K, reserved 1138688K
  class space    used 12856K, committed 13184K, reserved 1048576K
}
Event: 13.693 GC heap before
{Heap before GC invocations=53 (full 0):
 garbage-first heap   total 194560K, used 159641K [0x0000000080000000, 0x0000000100000000)
  region size 1024K, 67 young (68608K), 7 survivors (7168K)
 Metaspace       used 95566K, committed 96256K, reserved 1138688K
  class space    used 12856K, committed 13184K, reserved 1048576K
}
Event: 13.698 GC heap after
{Heap after GC invocations=54 (full 0):
 garbage-first heap   total 194560K, used 97934K [0x0000000080000000, 0x0000000100000000)
  region size 1024K, 5 young (5120K), 5 survivors (5120K)
 Metaspace       used 95566K, committed 96256K, reserved 1138688K
  class space    used 12856K, committed 13184K, reserved 1048576K
}
Event: 13.711 GC heap before
{Heap before GC invocations=54 (full 0):
 garbage-first heap   total 194560K, used 101006K [0x0000000080000000, 0x0000000100000000)
  region size 1024K, 9 young (9216K), 5 survivors (5120K)
 Metaspace       used 95566K, committed 96256K, reserved 1138688K
  class space    used 12856K, committed 13184K, reserved 1048576K
}
Event: 13.713 GC heap after
{Heap after GC invocations=55 (full 0):
 garbage-first heap   total 194560K, used 97444K [0x0000000080000000, 0x0000000100000000)
  region size 1024K, 1 young (1024K), 1 survivors (1024K)
 Metaspace       used 95566K, committed 96256K, reserved 1138688K
  class space    used 12856K, committed 13184K, reserved 1048576K
}
Event: 13.910 GC heap before
{Heap before GC invocations=55 (full 0):
 garbage-first heap   total 194560K, used 159908K [0x0000000080000000, 0x0000000100000000)
  region size 1024K, 63 young (64512K), 1 survivors (1024K)
 Metaspace       used 95566K, committed 96256K, reserved 1138688K
  class space    used 12856K, committed 13184K, reserved 1048576K
}
Event: 13.912 GC heap after
{Heap after GC invocations=56 (full 0):
 garbage-first heap   total 304128K, used 98169K [0x0000000080000000, 0x0000000100000000)
  region size 1024K, 2 young (2048K), 2 survivors (2048K)
 Metaspace       used 95566K, committed 96256K, reserved 1138688K
  class space    used 12856K, committed 13184K, reserved 1048576K
}
Event: 14.511 GC heap before
{Heap before GC invocations=56 (full 0):
 garbage-first heap   total 304128K, used 202617K [0x0000000080000000, 0x0000000100000000)
  region size 1024K, 106 young (108544K), 2 survivors (2048K)
 Metaspace       used 96093K, committed 96832K, reserved 1138688K
  class space    used 12926K, committed 13312K, reserved 1048576K
}
Event: 14.517 GC heap after
{Heap after GC invocations=57 (full 0):
 garbage-first heap   total 304128K, used 102861K [0x0000000080000000, 0x0000000100000000)
  region size 1024K, 6 young (6144K), 6 survivors (6144K)
 Metaspace       used 96093K, committed 96832K, reserved 1138688K
  class space    used 12926K, committed 13312K, reserved 1048576K
}
Event: 15.567 GC heap before
{Heap before GC invocations=58 (full 0):
 garbage-first heap   total 304128K, used 255437K [0x0000000080000000, 0x0000000100000000)
  region size 1024K, 154 young (157696K), 6 survivors (6144K)
 Metaspace       used 111522K, committed 112320K, reserved 1146880K
  class space    used 15770K, committed 16128K, reserved 1048576K
}
Event: 15.575 GC heap after
{Heap after GC invocations=59 (full 0):
 garbage-first heap   total 304128K, used 110270K [0x0000000080000000, 0x0000000100000000)
  region size 1024K, 14 young (14336K), 14 survivors (14336K)
 Metaspace       used 111522K, committed 112320K, reserved 1146880K
  class space    used 15770K, committed 16128K, reserved 1048576K
}
Event: 15.612 GC heap before
{Heap before GC invocations=59 (full 0):
 garbage-first heap   total 304128K, used 111294K [0x0000000080000000, 0x0000000100000000)
  region size 1024K, 15 young (15360K), 14 survivors (14336K)
 Metaspace       used 111577K, committed 112384K, reserved 1146880K
  class space    used 15774K, committed 16128K, reserved 1048576K
}
Event: 15.617 GC heap after
{Heap after GC invocations=60 (full 0):
 garbage-first heap   total 304128K, used 104120K [0x0000000080000000, 0x0000000100000000)
  region size 1024K, 2 young (2048K), 2 survivors (2048K)
 Metaspace       used 111577K, committed 112384K, reserved 1146880K
  class space    used 15774K, committed 16128K, reserved 1048576K
}
Event: 152.538 GC heap before
{Heap before GC invocations=60 (full 0):
 garbage-first heap   total 304128K, used 273080K [0x0000000080000000, 0x0000000100000000)
  region size 1024K, 137 young (140288K), 2 survivors (2048K)
 Metaspace       used 120466K, committed 121216K, reserved 1155072K
  class space    used 16992K, committed 17344K, reserved 1048576K
}
Event: 152.598 GC heap after
{Heap after GC invocations=61 (full 0):
 garbage-first heap   total 304128K, used 111352K [0x0000000080000000, 0x0000000100000000)
  region size 1024K, 9 young (9216K), 9 survivors (9216K)
 Metaspace       used 120466K, committed 121216K, reserved 1155072K
  class space    used 16992K, committed 17344K, reserved 1048576K
}

